Arguments: 
  D:\Program Files\nodejs\node.exe D:\Program Files (x86)\Yarn\bin\yarn.js install

PATH: 
  C:\Program Files (x86)\Common Files\Oracle\Java\javapath;%SystemRoot%\system32;%SystemRoot%;%SystemRoot%\System32\Wbem;%SYSTEMROOT%\System32\WindowsPowerShell\v1.0\;%SYSTEMROOT%\System32\OpenSSH\;d:\Program Files\Git\cmd;%GIT_HOME%\bin;D:\Program Files\nodejs\;C:\Program Files (x86)\dotnet\;%ANDROID_SDK_HOME%;D:\Program Files\flutter\bin;C:\Program Files (x86)\NetSarang\Xftp 7\;C:\Program Files (x86)\NetSarang\Xshell 7\;D:\2.Android\Sdk\platform-tools;%cmder%;D:\Program Files (x86)\Yarn\bin\;C:\Android;C:\Windows\System32;C:\Users\11255\AppData\Local\Microsoft\WindowsApps;;d:\Program Files\JetBrains\WebStorm 2020.2.3\bin;;C:\Users\11255\AppData\Roaming\npm;D:\Program Files\Microsoft VS Code\bin;C:\Users\11255\AppData\Local\Yarn\bin

Yarn version: 
  1.22.5

Node version: 
  14.15.1

Platform: 
  win32 x64

Trace: 
  Error: connect ETIMEDOUT 172.28.60.55:80
      at TCPConnectWrap.afterConnect [as oncomplete] (net.js:1146:16)

npm manifest: 
  {
    "name": "node-todo-1",
    "version": "1.0.0",
    "main": "cli.js",
    "license": "MIT",
    "dependencies": {
      "commander": "^3.0.2"
    }
  }

yarn manifest: 
  No manifest

Lockfile: 
  # THIS IS AN AUTOGENERATED FILE. DO NOT EDIT THIS FILE DIRECTLY.
  # yarn lockfile v1
  
  
  commander@^3.0.2:
    version "3.0.2"
    resolved "http://registry.m.jd.com/commander/download/commander-3.0.2.tgz#6837c3fb677ad9933d1cfba42dd14d5117d6b39e"
    integrity sha1-aDfD+2d62ZM9HPukLdFNURfWs54=
